<?xml version="1.0" encoding="UTF-8"?>
<!-- Generated by org.testng.reporters.JUnitXMLReporter -->
<testsuite ignored="0" hostname="Sushma-PC" failures="0" tests="6" name="Test" time="0.09" errors="0" timestamp="08 Jan 2021 07:02:52 GMT">
  <testcase classname="jobpracticetest.Mavendemotest.RestAPITest" name="RestAPIbrowser" time="0.015"/>
  <testcase classname="jobpracticetest.Mavendemotest.RestAPITest" name="RestAPItest" time="0.002"/>
  <testcase classname="jobpracticetest.Mavendemotest.SeleniumTest" name="seleniumTest" time="0.002"/>
  <testcase classname="jobpracticetest.Mavendemotest.SeleniumTest" name="seleniumbrowser" time="0.002"/>
  <testcase classname="jobpracticetest.Mavendemotest.AppiumTest" name="Appiumbrowser" time="0.001"/>
  <testcase classname="jobpracticetest.Mavendemotest.AppiumTest" name="Appiumtest" time="0.002"/>
</testsuite> <!-- Test -->
