<?xml version="1.0" encoding="UTF-8"?>
<!-- Generated by org.testng.reporters.JUnitXMLReporter -->
<testsuite ignored="0" hostname="Sushma-PC" failures="0" tests="6" name="Command line test" time="0.048" errors="0" timestamp="03 Jan 2021 15:13:32 GMT">
  <testcase classname="jobpracticetest.Mavendemotest.AppiumTest" name="Appiumbrowser" time="0.01"/>
  <testcase classname="jobpracticetest.Mavendemotest.AppiumTest" name="Appiumtest" time="0.0"/>
  <testcase classname="jobpracticetest.Mavendemotest.RestAPITest" name="RestAPIbrowser" time="0.001"/>
  <testcase classname="jobpracticetest.Mavendemotest.RestAPITest" name="RestAPItest" time="0.001"/>
  <testcase classname="jobpracticetest.Mavendemotest.SeleniumTest" name="seleniumTest" time="0.0"/>
  <testcase classname="jobpracticetest.Mavendemotest.SeleniumTest" name="seleniumbrowser" time="0.0"/>
</testsuite> <!-- Command line test -->
