<?xml version="1.0" encoding="UTF-8"?>
<testng-results ignored="0" total="1" passed="1" failed="0" skipped="0">
  <reporter-output>
  </reporter-output>
  <suite started-at="2021-01-09T18:16:38Z" name="Default suite" finished-at="2021-01-09T18:16:39Z" duration-ms="965">
    <groups>
    </groups>
    <test started-at="2021-01-09T18:16:38Z" name="Default test" finished-at="2021-01-09T18:16:39Z" duration-ms="965">
      <class name="jobpracticetest.Mavendemotest.ExtentReporterDemo">
        <test-method is-config="true" signature="config()[pri:0, instance:jobpracticetest.Mavendemotest.ExtentReporterDemo@1e81f160]" started-at="2021-01-09T23:46:38Z" name="config" finished-at="2021-01-09T23:46:38Z" duration-ms="436" status="PASS">
          <reporter-output>
          </reporter-output>
        </test-method> <!-- config -->
        <test-method signature="Seleniumbrowser1()[pri:0, instance:jobpracticetest.Mavendemotest.ExtentReporterDemo@1e81f160]" started-at="2021-01-09T23:46:38Z" name="Seleniumbrowser1" finished-at="2021-01-09T23:46:39Z" duration-ms="508" status="PASS">
          <reporter-output>
          </reporter-output>
        </test-method> <!-- Seleniumbrowser1 -->
      </class> <!-- jobpracticetest.Mavendemotest.ExtentReporterDemo -->
    </test> <!-- Default test -->
  </suite> <!-- Default suite -->
</testng-results>
